c:\users\denis\desktop\flow_simulator (v1.4)\debug\flow_simulator.pch
c:\users\denis\desktop\flow_simulator (v1.4)\debug\stdafx.obj
c:\users\denis\desktop\flow_simulator (v1.4)\debug\vc100.pdb
c:\users\denis\desktop\flow_simulator (v1.4)\debug\model.obj
c:\users\denis\desktop\flow_simulator (v1.4)\debug\flow_simulator.obj
c:\users\denis\desktop\flow_simulator (v1.4)\debug\assemblyinfo.obj
c:\users\denis\desktop\flow_simulator (v1.4)\debug\.netframework,version=v4.0.assemblyattributes.obj
c:\users\denis\desktop\flow_simulator (v1.4) - копия\debug\flow_simulator.pch
c:\users\denis\desktop\flow_simulator (v1.4) - копия\debug\stdafx.obj
c:\users\denis\desktop\flow_simulator (v1.4) - копия\debug\vc100.pdb
c:\users\denis\desktop\flow_simulator (v1.4) - копия\debug\model.obj
c:\users\denis\desktop\flow_simulator (v1.4) - копия\debug\flow_simulator.obj
c:\users\denis\desktop\flow_simulator (v1.4) - копия\debug\assemblyinfo.obj
b:\lessons\черний\flow_simulator_laba2_andrey\debug\flow_simulator.pch
b:\lessons\черний\flow_simulator_laba2_andrey\debug\stdafx.obj
b:\lessons\черний\flow_simulator_laba2_andrey\debug\vc100.pdb
b:\lessons\черний\flow_simulator_laba2_andrey\debug\model.obj
b:\lessons\черний\flow_simulator_laba2_andrey\debug\flow_simulator.obj
b:\lessons\черний\flow_simulator_laba2_andrey\debug\assemblyinfo.obj
c:\users\denis\desktop\flow_simulator (v1.4)\debug\flow_simulator.ilk
c:\users\denis\desktop\flow_simulator (v1.4)\debug\flow_simulator.exe
c:\users\denis\desktop\flow_simulator (v1.4)\debug\flow_simulator.exe.intermediate.manifest
c:\users\denis\desktop\flow_simulator (v1.4)\debug\flow_simulator.pdb
c:\users\denis\desktop\flow_simulator (v1.4) - копия\debug\flow_simulator.ilk
c:\users\denis\desktop\flow_simulator (v1.4) - копия\debug\flow_simulator.exe
c:\users\denis\desktop\flow_simulator (v1.4) - копия\debug\flow_simulator.exe.intermediate.manifest
c:\users\denis\desktop\flow_simulator (v1.4) - копия\debug\flow_simulator.pdb
b:\lessons\черний\flow_simulator_laba2_andrey\debug\flow_simulator.ilk
b:\lessons\черний\flow_simulator_laba2_andrey\debug\flow_simulator.exe
b:\lessons\черний\flow_simulator_laba2_andrey\debug\flow_simulator.exe.intermediate.manifest
b:\lessons\черний\flow_simulator_laba2_andrey\debug\flow_simulator.pdb
c:\users\denis\desktop\flow_simulator (v1.4)\debug\app.res
c:\users\denis\desktop\flow_simulator (v1.4) - копия\debug\app.res
b:\lessons\черний\flow_simulator_laba2_andrey\debug\app.res
c:\users\владислав\desktop\c++\flow_simulator_laba2_andrey\debug\flow_simulator.pch
c:\users\владислав\desktop\c++\flow_simulator_laba2_andrey\debug\vc120.pdb
c:\users\владислав\desktop\c++\flow_simulator_laba2_andrey\debug\stdafx.obj
c:\users\владислав\desktop\c++\flow_simulator_laba2_andrey\debug\model.obj
c:\users\владислав\desktop\c++\flow_simulator_laba2_andrey\debug\flow_simulator.obj
c:\users\владислав\desktop\c++\flow_simulator_laba2_andrey\debug\assemblyinfo.obj
c:\users\владислав\desktop\c++\flow_simulator_laba2_andrey\debug\.netframework,version=v4.0.assemblyattributes.obj
c:\users\владислав\desktop\c++\flow_simulator_laba2_andrey\debug\flow_simulator.mainform.resources
c:\users\владислав\desktop\c++\flow_simulator_laba2_andrey\debug\app.res
c:\users\владислав\desktop\c++\flow_simulator_laba2_andrey\debug\flow_simulator.vcxproj.generateresource.cache
c:\users\владислав\desktop\c++\flow_simulator_laba2_andrey\debug\flow_simulator.vcxprojresolveassemblyreference.cache
c:\users\владислав\desktop\c++\flow_simulator_laba2_andrey\debug\cl.command.1.tlog
c:\users\владислав\desktop\c++\flow_simulator_laba2_andrey\debug\cl.read.1.tlog
c:\users\владислав\desktop\c++\flow_simulator_laba2_andrey\debug\cl.write.1.tlog
c:\users\владислав\desktop\c++\flow_simulator_laba2_andrey\debug\flow_simulator.write.1.tlog
c:\users\владислав\desktop\c++\flow_simulator_laba2_andrey\debug\link.1008-cvtres.read.1.tlog
c:\users\владислав\desktop\c++\flow_simulator_laba2_andrey\debug\link.1008-cvtres.write.1.tlog
c:\users\владислав\desktop\c++\flow_simulator_laba2_andrey\debug\link.1008.read.1.tlog
c:\users\владислав\desktop\c++\flow_simulator_laba2_andrey\debug\link.1008.write.1.tlog
c:\users\владислав\desktop\c++\flow_simulator_laba2_andrey\debug\link.1252-cvtres.read.1.tlog
c:\users\владислав\desktop\c++\flow_simulator_laba2_andrey\debug\link.1252-cvtres.write.1.tlog
c:\users\владислав\desktop\c++\flow_simulator_laba2_andrey\debug\link.1252.read.1.tlog
c:\users\владислав\desktop\c++\flow_simulator_laba2_andrey\debug\link.1252.write.1.tlog
c:\users\владислав\desktop\c++\flow_simulator_laba2_andrey\debug\link.1280-cvtres.read.1.tlog
c:\users\владислав\desktop\c++\flow_simulator_laba2_andrey\debug\link.1280-cvtres.write.1.tlog
c:\users\владислав\desktop\c++\flow_simulator_laba2_andrey\debug\link.1280.read.1.tlog
c:\users\владислав\desktop\c++\flow_simulator_laba2_andrey\debug\link.1280.write.1.tlog
c:\users\владислав\desktop\c++\flow_simulator_laba2_andrey\debug\link.1436-cvtres.read.1.tlog
c:\users\владислав\desktop\c++\flow_simulator_laba2_andrey\debug\link.1436-cvtres.write.1.tlog
c:\users\владислав\desktop\c++\flow_simulator_laba2_andrey\debug\link.1436.read.1.tlog
c:\users\владислав\desktop\c++\flow_simulator_laba2_andrey\debug\link.1436.write.1.tlog
c:\users\владислав\desktop\c++\flow_simulator_laba2_andrey\debug\link.1536-cvtres.read.1.tlog
c:\users\владислав\desktop\c++\flow_simulator_laba2_andrey\debug\link.1536-cvtres.write.1.tlog
c:\users\владислав\desktop\c++\flow_simulator_laba2_andrey\debug\link.1536.read.1.tlog
c:\users\владислав\desktop\c++\flow_simulator_laba2_andrey\debug\link.1536.write.1.tlog
c:\users\владислав\desktop\c++\flow_simulator_laba2_andrey\debug\link.1576-cvtres.read.1.tlog
c:\users\владислав\desktop\c++\flow_simulator_laba2_andrey\debug\link.1576-cvtres.write.1.tlog
c:\users\владислав\desktop\c++\flow_simulator_laba2_andrey\debug\link.1576.read.1.tlog
c:\users\владислав\desktop\c++\flow_simulator_laba2_andrey\debug\link.1576.write.1.tlog
c:\users\владислав\desktop\c++\flow_simulator_laba2_andrey\debug\link.172-cvtres.read.1.tlog
c:\users\владислав\desktop\c++\flow_simulator_laba2_andrey\debug\link.172-cvtres.write.1.tlog
c:\users\владислав\desktop\c++\flow_simulator_laba2_andrey\debug\link.172.read.1.tlog
c:\users\владислав\desktop\c++\flow_simulator_laba2_andrey\debug\link.172.write.1.tlog
c:\users\владислав\desktop\c++\flow_simulator_laba2_andrey\debug\link.1724-cvtres.read.1.tlog
c:\users\владислав\desktop\c++\flow_simulator_laba2_andrey\debug\link.1724-cvtres.write.1.tlog
c:\users\владислав\desktop\c++\flow_simulator_laba2_andrey\debug\link.1724.read.1.tlog
c:\users\владислав\desktop\c++\flow_simulator_laba2_andrey\debug\link.1724.write.1.tlog
c:\users\владислав\desktop\c++\flow_simulator_laba2_andrey\debug\link.2120-cvtres.read.1.tlog
c:\users\владислав\desktop\c++\flow_simulator_laba2_andrey\debug\link.2120-cvtres.write.1.tlog
c:\users\владислав\desktop\c++\flow_simulator_laba2_andrey\debug\link.2120.read.1.tlog
c:\users\владислав\desktop\c++\flow_simulator_laba2_andrey\debug\link.2120.write.1.tlog
c:\users\владислав\desktop\c++\flow_simulator_laba2_andrey\debug\link.2220-cvtres.read.1.tlog
c:\users\владислав\desktop\c++\flow_simulator_laba2_andrey\debug\link.2220-cvtres.write.1.tlog
c:\users\владислав\desktop\c++\flow_simulator_laba2_andrey\debug\link.2220.read.1.tlog
c:\users\владислав\desktop\c++\flow_simulator_laba2_andrey\debug\link.2220.write.1.tlog
c:\users\владислав\desktop\c++\flow_simulator_laba2_andrey\debug\link.2236-cvtres.read.1.tlog
c:\users\владислав\desktop\c++\flow_simulator_laba2_andrey\debug\link.2236-cvtres.write.1.tlog
c:\users\владислав\desktop\c++\flow_simulator_laba2_andrey\debug\link.2236.read.1.tlog
c:\users\владислав\desktop\c++\flow_simulator_laba2_andrey\debug\link.2236.write.1.tlog
c:\users\владислав\desktop\c++\flow_simulator_laba2_andrey\debug\link.2340-cvtres.read.1.tlog
c:\users\владислав\desktop\c++\flow_simulator_laba2_andrey\debug\link.2340-cvtres.write.1.tlog
c:\users\владислав\desktop\c++\flow_simulator_laba2_andrey\debug\link.2340.read.1.tlog
c:\users\владислав\desktop\c++\flow_simulator_laba2_andrey\debug\link.2340.write.1.tlog
c:\users\владислав\desktop\c++\flow_simulator_laba2_andrey\debug\link.2376-cvtres.read.1.tlog
c:\users\владислав\desktop\c++\flow_simulator_laba2_andrey\debug\link.2376-cvtres.write.1.tlog
c:\users\владислав\desktop\c++\flow_simulator_laba2_andrey\debug\link.2376.read.1.tlog
c:\users\владислав\desktop\c++\flow_simulator_laba2_andrey\debug\link.2376.write.1.tlog
c:\users\владислав\desktop\c++\flow_simulator_laba2_andrey\debug\link.2416-cvtres.read.1.tlog
c:\users\владислав\desktop\c++\flow_simulator_laba2_andrey\debug\link.2416-cvtres.write.1.tlog
c:\users\владислав\desktop\c++\flow_simulator_laba2_andrey\debug\link.2416.read.1.tlog
c:\users\владислав\desktop\c++\flow_simulator_laba2_andrey\debug\link.2416.write.1.tlog
c:\users\владислав\desktop\c++\flow_simulator_laba2_andrey\debug\link.2456-cvtres.read.1.tlog
c:\users\владислав\desktop\c++\flow_simulator_laba2_andrey\debug\link.2456-cvtres.write.1.tlog
c:\users\владислав\desktop\c++\flow_simulator_laba2_andrey\debug\link.2456.read.1.tlog
c:\users\владислав\desktop\c++\flow_simulator_laba2_andrey\debug\link.2456.write.1.tlog
c:\users\владислав\desktop\c++\flow_simulator_laba2_andrey\debug\link.2728-cvtres.read.1.tlog
c:\users\владислав\desktop\c++\flow_simulator_laba2_andrey\debug\link.2728-cvtres.write.1.tlog
c:\users\владислав\desktop\c++\flow_simulator_laba2_andrey\debug\link.2728.read.1.tlog
c:\users\владислав\desktop\c++\flow_simulator_laba2_andrey\debug\link.2728.write.1.tlog
c:\users\владислав\desktop\c++\flow_simulator_laba2_andrey\debug\link.2752-cvtres.read.1.tlog
c:\users\владислав\desktop\c++\flow_simulator_laba2_andrey\debug\link.2752-cvtres.write.1.tlog
c:\users\владислав\desktop\c++\flow_simulator_laba2_andrey\debug\link.2752.read.1.tlog
c:\users\владислав\desktop\c++\flow_simulator_laba2_andrey\debug\link.2752.write.1.tlog
c:\users\владислав\desktop\c++\flow_simulator_laba2_andrey\debug\link.2848-cvtres.read.1.tlog
c:\users\владислав\desktop\c++\flow_simulator_laba2_andrey\debug\link.2848-cvtres.write.1.tlog
c:\users\владислав\desktop\c++\flow_simulator_laba2_andrey\debug\link.2848.read.1.tlog
c:\users\владислав\desktop\c++\flow_simulator_laba2_andrey\debug\link.2848.write.1.tlog
c:\users\владислав\desktop\c++\flow_simulator_laba2_andrey\debug\link.3040-cvtres.read.1.tlog
c:\users\владислав\desktop\c++\flow_simulator_laba2_andrey\debug\link.3040-cvtres.write.1.tlog
c:\users\владислав\desktop\c++\flow_simulator_laba2_andrey\debug\link.3040.read.1.tlog
c:\users\владислав\desktop\c++\flow_simulator_laba2_andrey\debug\link.3040.write.1.tlog
c:\users\владислав\desktop\c++\flow_simulator_laba2_andrey\debug\link.3076-cvtres.read.1.tlog
c:\users\владислав\desktop\c++\flow_simulator_laba2_andrey\debug\link.3076-cvtres.write.1.tlog
c:\users\владислав\desktop\c++\flow_simulator_laba2_andrey\debug\link.3076.read.1.tlog
c:\users\владислав\desktop\c++\flow_simulator_laba2_andrey\debug\link.3076.write.1.tlog
c:\users\владислав\desktop\c++\flow_simulator_laba2_andrey\debug\link.3084-cvtres.read.1.tlog
c:\users\владислав\desktop\c++\flow_simulator_laba2_andrey\debug\link.3084-cvtres.write.1.tlog
c:\users\владислав\desktop\c++\flow_simulator_laba2_andrey\debug\link.3084.read.1.tlog
c:\users\владислав\desktop\c++\flow_simulator_laba2_andrey\debug\link.3084.write.1.tlog
c:\users\владислав\desktop\c++\flow_simulator_laba2_andrey\debug\link.3192-cvtres.read.1.tlog
c:\users\владислав\desktop\c++\flow_simulator_laba2_andrey\debug\link.3192-cvtres.write.1.tlog
c:\users\владислав\desktop\c++\flow_simulator_laba2_andrey\debug\link.3192.read.1.tlog
c:\users\владислав\desktop\c++\flow_simulator_laba2_andrey\debug\link.3192.write.1.tlog
c:\users\владислав\desktop\c++\flow_simulator_laba2_andrey\debug\link.3380-cvtres.read.1.tlog
c:\users\владислав\desktop\c++\flow_simulator_laba2_andrey\debug\link.3380-cvtres.write.1.tlog
c:\users\владислав\desktop\c++\flow_simulator_laba2_andrey\debug\link.3380.read.1.tlog
c:\users\владислав\desktop\c++\flow_simulator_laba2_andrey\debug\link.3380.write.1.tlog
c:\users\владислав\desktop\c++\flow_simulator_laba2_andrey\debug\link.3760-cvtres.read.1.tlog
c:\users\владислав\desktop\c++\flow_simulator_laba2_andrey\debug\link.3760-cvtres.write.1.tlog
c:\users\владислав\desktop\c++\flow_simulator_laba2_andrey\debug\link.3760.read.1.tlog
c:\users\владислав\desktop\c++\flow_simulator_laba2_andrey\debug\link.3760.write.1.tlog
c:\users\владислав\desktop\c++\flow_simulator_laba2_andrey\debug\link.3832-cvtres.read.1.tlog
c:\users\владислав\desktop\c++\flow_simulator_laba2_andrey\debug\link.3832-cvtres.write.1.tlog
c:\users\владислав\desktop\c++\flow_simulator_laba2_andrey\debug\link.3832.read.1.tlog
c:\users\владислав\desktop\c++\flow_simulator_laba2_andrey\debug\link.3832.write.1.tlog
c:\users\владислав\desktop\c++\flow_simulator_laba2_andrey\debug\link.3924-cvtres.read.1.tlog
c:\users\владислав\desktop\c++\flow_simulator_laba2_andrey\debug\link.3924-cvtres.write.1.tlog
c:\users\владислав\desktop\c++\flow_simulator_laba2_andrey\debug\link.3924.read.1.tlog
c:\users\владислав\desktop\c++\flow_simulator_laba2_andrey\debug\link.3924.write.1.tlog
c:\users\владислав\desktop\c++\flow_simulator_laba2_andrey\debug\link.3964-cvtres.read.1.tlog
c:\users\владислав\desktop\c++\flow_simulator_laba2_andrey\debug\link.3964-cvtres.write.1.tlog
c:\users\владислав\desktop\c++\flow_simulator_laba2_andrey\debug\link.3964.read.1.tlog
c:\users\владислав\desktop\c++\flow_simulator_laba2_andrey\debug\link.3964.write.1.tlog
c:\users\владислав\desktop\c++\flow_simulator_laba2_andrey\debug\link.3968-cvtres.read.1.tlog
c:\users\владислав\desktop\c++\flow_simulator_laba2_andrey\debug\link.3968-cvtres.write.1.tlog
c:\users\владислав\desktop\c++\flow_simulator_laba2_andrey\debug\link.3968.read.1.tlog
c:\users\владислав\desktop\c++\flow_simulator_laba2_andrey\debug\link.3968.write.1.tlog
c:\users\владислав\desktop\c++\flow_simulator_laba2_andrey\debug\link.3988-cvtres.read.1.tlog
c:\users\владислав\desktop\c++\flow_simulator_laba2_andrey\debug\link.3988-cvtres.write.1.tlog
c:\users\владислав\desktop\c++\flow_simulator_laba2_andrey\debug\link.3988.read.1.tlog
c:\users\владислав\desktop\c++\flow_simulator_laba2_andrey\debug\link.3988.write.1.tlog
c:\users\владислав\desktop\c++\flow_simulator_laba2_andrey\debug\link.404-cvtres.read.1.tlog
c:\users\владислав\desktop\c++\flow_simulator_laba2_andrey\debug\link.404-cvtres.write.1.tlog
c:\users\владислав\desktop\c++\flow_simulator_laba2_andrey\debug\link.404.read.1.tlog
c:\users\владислав\desktop\c++\flow_simulator_laba2_andrey\debug\link.404.write.1.tlog
c:\users\владислав\desktop\c++\flow_simulator_laba2_andrey\debug\link.408-cvtres.read.1.tlog
c:\users\владислав\desktop\c++\flow_simulator_laba2_andrey\debug\link.408-cvtres.write.1.tlog
c:\users\владислав\desktop\c++\flow_simulator_laba2_andrey\debug\link.408.read.1.tlog
c:\users\владислав\desktop\c++\flow_simulator_laba2_andrey\debug\link.408.write.1.tlog
c:\users\владислав\desktop\c++\flow_simulator_laba2_andrey\debug\link.4256-cvtres.read.1.tlog
c:\users\владислав\desktop\c++\flow_simulator_laba2_andrey\debug\link.4256-cvtres.write.1.tlog
c:\users\владислав\desktop\c++\flow_simulator_laba2_andrey\debug\link.4256.read.1.tlog
c:\users\владислав\desktop\c++\flow_simulator_laba2_andrey\debug\link.4256.write.1.tlog
c:\users\владислав\desktop\c++\flow_simulator_laba2_andrey\debug\link.4264-cvtres.read.1.tlog
c:\users\владислав\desktop\c++\flow_simulator_laba2_andrey\debug\link.4264-cvtres.write.1.tlog
c:\users\владислав\desktop\c++\flow_simulator_laba2_andrey\debug\link.4264.read.1.tlog
c:\users\владислав\desktop\c++\flow_simulator_laba2_andrey\debug\link.4264.write.1.tlog
c:\users\владислав\desktop\c++\flow_simulator_laba2_andrey\debug\link.4336-cvtres.read.1.tlog
c:\users\владислав\desktop\c++\flow_simulator_laba2_andrey\debug\link.4336-cvtres.write.1.tlog
c:\users\владислав\desktop\c++\flow_simulator_laba2_andrey\debug\link.4336.read.1.tlog
c:\users\владислав\desktop\c++\flow_simulator_laba2_andrey\debug\link.4336.write.1.tlog
c:\users\владислав\desktop\c++\flow_simulator_laba2_andrey\debug\link.4380-cvtres.read.1.tlog
c:\users\владислав\desktop\c++\flow_simulator_laba2_andrey\debug\link.4380-cvtres.write.1.tlog
c:\users\владислав\desktop\c++\flow_simulator_laba2_andrey\debug\link.4380.read.1.tlog
c:\users\владислав\desktop\c++\flow_simulator_laba2_andrey\debug\link.4380.write.1.tlog
c:\users\владислав\desktop\c++\flow_simulator_laba2_andrey\debug\link.4468-cvtres.read.1.tlog
c:\users\владислав\desktop\c++\flow_simulator_laba2_andrey\debug\link.4468-cvtres.write.1.tlog
c:\users\владислав\desktop\c++\flow_simulator_laba2_andrey\debug\link.4468.read.1.tlog
c:\users\владислав\desktop\c++\flow_simulator_laba2_andrey\debug\link.4468.write.1.tlog
c:\users\владислав\desktop\c++\flow_simulator_laba2_andrey\debug\link.4508-cvtres.read.1.tlog
c:\users\владислав\desktop\c++\flow_simulator_laba2_andrey\debug\link.4508-cvtres.write.1.tlog
c:\users\владислав\desktop\c++\flow_simulator_laba2_andrey\debug\link.4508.read.1.tlog
c:\users\владислав\desktop\c++\flow_simulator_laba2_andrey\debug\link.4508.write.1.tlog
c:\users\владислав\desktop\c++\flow_simulator_laba2_andrey\debug\link.4596-cvtres.read.1.tlog
c:\users\владислав\desktop\c++\flow_simulator_laba2_andrey\debug\link.4596-cvtres.write.1.tlog
c:\users\владислав\desktop\c++\flow_simulator_laba2_andrey\debug\link.4596.read.1.tlog
c:\users\владислав\desktop\c++\flow_simulator_laba2_andrey\debug\link.4596.write.1.tlog
c:\users\владислав\desktop\c++\flow_simulator_laba2_andrey\debug\link.4616-cvtres.read.1.tlog
c:\users\владислав\desktop\c++\flow_simulator_laba2_andrey\debug\link.4616-cvtres.write.1.tlog
c:\users\владислав\desktop\c++\flow_simulator_laba2_andrey\debug\link.4616.read.1.tlog
c:\users\владислав\desktop\c++\flow_simulator_laba2_andrey\debug\link.4616.write.1.tlog
c:\users\владислав\desktop\c++\flow_simulator_laba2_andrey\debug\link.4700-cvtres.read.1.tlog
c:\users\владислав\desktop\c++\flow_simulator_laba2_andrey\debug\link.4700-cvtres.write.1.tlog
c:\users\владислав\desktop\c++\flow_simulator_laba2_andrey\debug\link.4700.read.1.tlog
c:\users\владислав\desktop\c++\flow_simulator_laba2_andrey\debug\link.4700.write.1.tlog
c:\users\владислав\desktop\c++\flow_simulator_laba2_andrey\debug\link.472-cvtres.read.1.tlog
c:\users\владислав\desktop\c++\flow_simulator_laba2_andrey\debug\link.472-cvtres.write.1.tlog
c:\users\владислав\desktop\c++\flow_simulator_laba2_andrey\debug\link.472.read.1.tlog
c:\users\владислав\desktop\c++\flow_simulator_laba2_andrey\debug\link.472.write.1.tlog
c:\users\владислав\desktop\c++\flow_simulator_laba2_andrey\debug\link.4724-cvtres.read.1.tlog
c:\users\владислав\desktop\c++\flow_simulator_laba2_andrey\debug\link.4724-cvtres.write.1.tlog
c:\users\владислав\desktop\c++\flow_simulator_laba2_andrey\debug\link.4724.read.1.tlog
c:\users\владислав\desktop\c++\flow_simulator_laba2_andrey\debug\link.4724.write.1.tlog
c:\users\владислав\desktop\c++\flow_simulator_laba2_andrey\debug\link.4816-cvtres.read.1.tlog
c:\users\владислав\desktop\c++\flow_simulator_laba2_andrey\debug\link.4816-cvtres.write.1.tlog
c:\users\владислав\desktop\c++\flow_simulator_laba2_andrey\debug\link.4816.read.1.tlog
c:\users\владислав\desktop\c++\flow_simulator_laba2_andrey\debug\link.4816.write.1.tlog
c:\users\владислав\desktop\c++\flow_simulator_laba2_andrey\debug\link.4824-cvtres.read.1.tlog
c:\users\владислав\desktop\c++\flow_simulator_laba2_andrey\debug\link.4824-cvtres.write.1.tlog
c:\users\владислав\desktop\c++\flow_simulator_laba2_andrey\debug\link.4824.read.1.tlog
c:\users\владислав\desktop\c++\flow_simulator_laba2_andrey\debug\link.4824.write.1.tlog
c:\users\владислав\desktop\c++\flow_simulator_laba2_andrey\debug\link.4876-cvtres.read.1.tlog
c:\users\владислав\desktop\c++\flow_simulator_laba2_andrey\debug\link.4876-cvtres.write.1.tlog
c:\users\владислав\desktop\c++\flow_simulator_laba2_andrey\debug\link.4876.read.1.tlog
c:\users\владислав\desktop\c++\flow_simulator_laba2_andrey\debug\link.4876.write.1.tlog
c:\users\владислав\desktop\c++\flow_simulator_laba2_andrey\debug\link.4920-cvtres.read.1.tlog
c:\users\владислав\desktop\c++\flow_simulator_laba2_andrey\debug\link.4920-cvtres.write.1.tlog
c:\users\владислав\desktop\c++\flow_simulator_laba2_andrey\debug\link.4920.read.1.tlog
c:\users\владислав\desktop\c++\flow_simulator_laba2_andrey\debug\link.4920.write.1.tlog
c:\users\владислав\desktop\c++\flow_simulator_laba2_andrey\debug\link.5000-cvtres.read.1.tlog
c:\users\владислав\desktop\c++\flow_simulator_laba2_andrey\debug\link.5000-cvtres.write.1.tlog
c:\users\владислав\desktop\c++\flow_simulator_laba2_andrey\debug\link.5000.read.1.tlog
c:\users\владислав\desktop\c++\flow_simulator_laba2_andrey\debug\link.5000.write.1.tlog
c:\users\владислав\desktop\c++\flow_simulator_laba2_andrey\debug\link.5008-cvtres.read.1.tlog
c:\users\владислав\desktop\c++\flow_simulator_laba2_andrey\debug\link.5008-cvtres.write.1.tlog
c:\users\владислав\desktop\c++\flow_simulator_laba2_andrey\debug\link.5008.read.1.tlog
c:\users\владислав\desktop\c++\flow_simulator_laba2_andrey\debug\link.5008.write.1.tlog
c:\users\владислав\desktop\c++\flow_simulator_laba2_andrey\debug\link.5016-cvtres.read.1.tlog
c:\users\владислав\desktop\c++\flow_simulator_laba2_andrey\debug\link.5016-cvtres.write.1.tlog
c:\users\владислав\desktop\c++\flow_simulator_laba2_andrey\debug\link.5016.read.1.tlog
c:\users\владислав\desktop\c++\flow_simulator_laba2_andrey\debug\link.5016.write.1.tlog
c:\users\владислав\desktop\c++\flow_simulator_laba2_andrey\debug\link.5160-cvtres.read.1.tlog
c:\users\владислав\desktop\c++\flow_simulator_laba2_andrey\debug\link.5160-cvtres.write.1.tlog
c:\users\владислав\desktop\c++\flow_simulator_laba2_andrey\debug\link.5160.read.1.tlog
c:\users\владислав\desktop\c++\flow_simulator_laba2_andrey\debug\link.5160.write.1.tlog
c:\users\владислав\desktop\c++\flow_simulator_laba2_andrey\debug\link.5184-cvtres.read.1.tlog
c:\users\владислав\desktop\c++\flow_simulator_laba2_andrey\debug\link.5184-cvtres.write.1.tlog
c:\users\владислав\desktop\c++\flow_simulator_laba2_andrey\debug\link.5184.read.1.tlog
c:\users\владислав\desktop\c++\flow_simulator_laba2_andrey\debug\link.5184.write.1.tlog
c:\users\владислав\desktop\c++\flow_simulator_laba2_andrey\debug\link.5192-cvtres.read.1.tlog
c:\users\владислав\desktop\c++\flow_simulator_laba2_andrey\debug\link.5192-cvtres.write.1.tlog
c:\users\владислав\desktop\c++\flow_simulator_laba2_andrey\debug\link.5192.read.1.tlog
c:\users\владислав\desktop\c++\flow_simulator_laba2_andrey\debug\link.5192.write.1.tlog
c:\users\владислав\desktop\c++\flow_simulator_laba2_andrey\debug\link.5232-cvtres.read.1.tlog
c:\users\владислав\desktop\c++\flow_simulator_laba2_andrey\debug\link.5232-cvtres.write.1.tlog
c:\users\владислав\desktop\c++\flow_simulator_laba2_andrey\debug\link.5232.read.1.tlog
c:\users\владислав\desktop\c++\flow_simulator_laba2_andrey\debug\link.5232.write.1.tlog
c:\users\владислав\desktop\c++\flow_simulator_laba2_andrey\debug\link.5292-cvtres.read.1.tlog
c:\users\владислав\desktop\c++\flow_simulator_laba2_andrey\debug\link.5292-cvtres.write.1.tlog
c:\users\владислав\desktop\c++\flow_simulator_laba2_andrey\debug\link.5292.read.1.tlog
c:\users\владислав\desktop\c++\flow_simulator_laba2_andrey\debug\link.5292.write.1.tlog
c:\users\владислав\desktop\c++\flow_simulator_laba2_andrey\debug\link.5356-cvtres.read.1.tlog
c:\users\владислав\desktop\c++\flow_simulator_laba2_andrey\debug\link.5356-cvtres.write.1.tlog
c:\users\владислав\desktop\c++\flow_simulator_laba2_andrey\debug\link.5356.read.1.tlog
c:\users\владислав\desktop\c++\flow_simulator_laba2_andrey\debug\link.5356.write.1.tlog
c:\users\владислав\desktop\c++\flow_simulator_laba2_andrey\debug\link.5452-cvtres.read.1.tlog
c:\users\владислав\desktop\c++\flow_simulator_laba2_andrey\debug\link.5452-cvtres.write.1.tlog
c:\users\владислав\desktop\c++\flow_simulator_laba2_andrey\debug\link.5452.read.1.tlog
c:\users\владислав\desktop\c++\flow_simulator_laba2_andrey\debug\link.5452.write.1.tlog
c:\users\владислав\desktop\c++\flow_simulator_laba2_andrey\debug\link.5484-cvtres.read.1.tlog
c:\users\владислав\desktop\c++\flow_simulator_laba2_andrey\debug\link.5484-cvtres.write.1.tlog
c:\users\владислав\desktop\c++\flow_simulator_laba2_andrey\debug\link.5484.read.1.tlog
c:\users\владислав\desktop\c++\flow_simulator_laba2_andrey\debug\link.5484.write.1.tlog
c:\users\владислав\desktop\c++\flow_simulator_laba2_andrey\debug\link.5520-cvtres.read.1.tlog
c:\users\владислав\desktop\c++\flow_simulator_laba2_andrey\debug\link.5520-cvtres.write.1.tlog
c:\users\владислав\desktop\c++\flow_simulator_laba2_andrey\debug\link.5520.read.1.tlog
c:\users\владислав\desktop\c++\flow_simulator_laba2_andrey\debug\link.5520.write.1.tlog
c:\users\владислав\desktop\c++\flow_simulator_laba2_andrey\debug\link.5612-cvtres.read.1.tlog
c:\users\владислав\desktop\c++\flow_simulator_laba2_andrey\debug\link.5612-cvtres.write.1.tlog
c:\users\владислав\desktop\c++\flow_simulator_laba2_andrey\debug\link.5612.read.1.tlog
c:\users\владислав\desktop\c++\flow_simulator_laba2_andrey\debug\link.5612.write.1.tlog
c:\users\владислав\desktop\c++\flow_simulator_laba2_andrey\debug\link.5628-cvtres.read.1.tlog
c:\users\владислав\desktop\c++\flow_simulator_laba2_andrey\debug\link.5628-cvtres.write.1.tlog
c:\users\владислав\desktop\c++\flow_simulator_laba2_andrey\debug\link.5628.read.1.tlog
c:\users\владислав\desktop\c++\flow_simulator_laba2_andrey\debug\link.5628.write.1.tlog
c:\users\владислав\desktop\c++\flow_simulator_laba2_andrey\debug\link.5640-cvtres.read.1.tlog
c:\users\владислав\desktop\c++\flow_simulator_laba2_andrey\debug\link.5640-cvtres.write.1.tlog
c:\users\владислав\desktop\c++\flow_simulator_laba2_andrey\debug\link.5640.read.1.tlog
c:\users\владислав\desktop\c++\flow_simulator_laba2_andrey\debug\link.5640.write.1.tlog
c:\users\владислав\desktop\c++\flow_simulator_laba2_andrey\debug\link.5728-cvtres.read.1.tlog
c:\users\владислав\desktop\c++\flow_simulator_laba2_andrey\debug\link.5728-cvtres.write.1.tlog
c:\users\владислав\desktop\c++\flow_simulator_laba2_andrey\debug\link.5728.read.1.tlog
c:\users\владислав\desktop\c++\flow_simulator_laba2_andrey\debug\link.5728.write.1.tlog
c:\users\владислав\desktop\c++\flow_simulator_laba2_andrey\debug\link.5756-cvtres.read.1.tlog
c:\users\владислав\desktop\c++\flow_simulator_laba2_andrey\debug\link.5756-cvtres.write.1.tlog
c:\users\владислав\desktop\c++\flow_simulator_laba2_andrey\debug\link.5756.read.1.tlog
c:\users\владислав\desktop\c++\flow_simulator_laba2_andrey\debug\link.5756.write.1.tlog
c:\users\владислав\desktop\c++\flow_simulator_laba2_andrey\debug\link.5816-cvtres.read.1.tlog
c:\users\владислав\desktop\c++\flow_simulator_laba2_andrey\debug\link.5816-cvtres.write.1.tlog
c:\users\владислав\desktop\c++\flow_simulator_laba2_andrey\debug\link.5816.read.1.tlog
c:\users\владислав\desktop\c++\flow_simulator_laba2_andrey\debug\link.5816.write.1.tlog
c:\users\владислав\desktop\c++\flow_simulator_laba2_andrey\debug\link.5892-cvtres.read.1.tlog
c:\users\владислав\desktop\c++\flow_simulator_laba2_andrey\debug\link.5892-cvtres.write.1.tlog
c:\users\владислав\desktop\c++\flow_simulator_laba2_andrey\debug\link.5892.read.1.tlog
c:\users\владислав\desktop\c++\flow_simulator_laba2_andrey\debug\link.5892.write.1.tlog
c:\users\владислав\desktop\c++\flow_simulator_laba2_andrey\debug\link.5908-cvtres.read.1.tlog
c:\users\владислав\desktop\c++\flow_simulator_laba2_andrey\debug\link.5908-cvtres.write.1.tlog
c:\users\владислав\desktop\c++\flow_simulator_laba2_andrey\debug\link.5908.read.1.tlog
c:\users\владислав\desktop\c++\flow_simulator_laba2_andrey\debug\link.5908.write.1.tlog
c:\users\владислав\desktop\c++\flow_simulator_laba2_andrey\debug\link.5924-cvtres.read.1.tlog
c:\users\владислав\desktop\c++\flow_simulator_laba2_andrey\debug\link.5924-cvtres.write.1.tlog
c:\users\владислав\desktop\c++\flow_simulator_laba2_andrey\debug\link.5924.read.1.tlog
c:\users\владислав\desktop\c++\flow_simulator_laba2_andrey\debug\link.5924.write.1.tlog
c:\users\владислав\desktop\c++\flow_simulator_laba2_andrey\debug\link.5936-cvtres.read.1.tlog
c:\users\владислав\desktop\c++\flow_simulator_laba2_andrey\debug\link.5936-cvtres.write.1.tlog
c:\users\владислав\desktop\c++\flow_simulator_laba2_andrey\debug\link.5936.read.1.tlog
c:\users\владислав\desktop\c++\flow_simulator_laba2_andrey\debug\link.5936.write.1.tlog
c:\users\владислав\desktop\c++\flow_simulator_laba2_andrey\debug\link.6064-cvtres.read.1.tlog
c:\users\владислав\desktop\c++\flow_simulator_laba2_andrey\debug\link.6064-cvtres.write.1.tlog
c:\users\владислав\desktop\c++\flow_simulator_laba2_andrey\debug\link.6064.read.1.tlog
c:\users\владислав\desktop\c++\flow_simulator_laba2_andrey\debug\link.6064.write.1.tlog
c:\users\владислав\desktop\c++\flow_simulator_laba2_andrey\debug\link.6092-cvtres.read.1.tlog
c:\users\владислав\desktop\c++\flow_simulator_laba2_andrey\debug\link.6092-cvtres.write.1.tlog
c:\users\владислав\desktop\c++\flow_simulator_laba2_andrey\debug\link.6092.read.1.tlog
c:\users\владислав\desktop\c++\flow_simulator_laba2_andrey\debug\link.6092.write.1.tlog
c:\users\владислав\desktop\c++\flow_simulator_laba2_andrey\debug\link.6128-cvtres.read.1.tlog
c:\users\владислав\desktop\c++\flow_simulator_laba2_andrey\debug\link.6128-cvtres.write.1.tlog
c:\users\владислав\desktop\c++\flow_simulator_laba2_andrey\debug\link.6128.read.1.tlog
c:\users\владислав\desktop\c++\flow_simulator_laba2_andrey\debug\link.6128.write.1.tlog
c:\users\владислав\desktop\c++\flow_simulator_laba2_andrey\debug\link.6224-cvtres.read.1.tlog
c:\users\владислав\desktop\c++\flow_simulator_laba2_andrey\debug\link.6224-cvtres.write.1.tlog
c:\users\владислав\desktop\c++\flow_simulator_laba2_andrey\debug\link.6224.read.1.tlog
c:\users\владислав\desktop\c++\flow_simulator_laba2_andrey\debug\link.6224.write.1.tlog
c:\users\владислав\desktop\c++\flow_simulator_laba2_andrey\debug\link.6376-cvtres.read.1.tlog
c:\users\владислав\desktop\c++\flow_simulator_laba2_andrey\debug\link.6376-cvtres.write.1.tlog
c:\users\владислав\desktop\c++\flow_simulator_laba2_andrey\debug\link.6376.read.1.tlog
c:\users\владислав\desktop\c++\flow_simulator_laba2_andrey\debug\link.6376.write.1.tlog
c:\users\владислав\desktop\c++\flow_simulator_laba2_andrey\debug\link.6408-cvtres.read.1.tlog
c:\users\владислав\desktop\c++\flow_simulator_laba2_andrey\debug\link.6408-cvtres.write.1.tlog
c:\users\владислав\desktop\c++\flow_simulator_laba2_andrey\debug\link.6408.read.1.tlog
c:\users\владислав\desktop\c++\flow_simulator_laba2_andrey\debug\link.6408.write.1.tlog
c:\users\владислав\desktop\c++\flow_simulator_laba2_andrey\debug\link.6484-cvtres.read.1.tlog
c:\users\владислав\desktop\c++\flow_simulator_laba2_andrey\debug\link.6484-cvtres.write.1.tlog
c:\users\владислав\desktop\c++\flow_simulator_laba2_andrey\debug\link.6484.read.1.tlog
c:\users\владислав\desktop\c++\flow_simulator_laba2_andrey\debug\link.6484.write.1.tlog
c:\users\владислав\desktop\c++\flow_simulator_laba2_andrey\debug\link.6660-cvtres.read.1.tlog
c:\users\владислав\desktop\c++\flow_simulator_laba2_andrey\debug\link.6660-cvtres.write.1.tlog
c:\users\владислав\desktop\c++\flow_simulator_laba2_andrey\debug\link.6660.read.1.tlog
c:\users\владислав\desktop\c++\flow_simulator_laba2_andrey\debug\link.6660.write.1.tlog
c:\users\владислав\desktop\c++\flow_simulator_laba2_andrey\debug\link.6676-cvtres.read.1.tlog
c:\users\владислав\desktop\c++\flow_simulator_laba2_andrey\debug\link.6676-cvtres.write.1.tlog
c:\users\владислав\desktop\c++\flow_simulator_laba2_andrey\debug\link.6676.read.1.tlog
c:\users\владислав\desktop\c++\flow_simulator_laba2_andrey\debug\link.6676.write.1.tlog
c:\users\владислав\desktop\c++\flow_simulator_laba2_andrey\debug\link.6900-cvtres.read.1.tlog
c:\users\владислав\desktop\c++\flow_simulator_laba2_andrey\debug\link.6900-cvtres.write.1.tlog
c:\users\владислав\desktop\c++\flow_simulator_laba2_andrey\debug\link.6900.read.1.tlog
c:\users\владислав\desktop\c++\flow_simulator_laba2_andrey\debug\link.6900.write.1.tlog
c:\users\владислав\desktop\c++\flow_simulator_laba2_andrey\debug\link.6932-cvtres.read.1.tlog
c:\users\владислав\desktop\c++\flow_simulator_laba2_andrey\debug\link.6932-cvtres.write.1.tlog
c:\users\владислав\desktop\c++\flow_simulator_laba2_andrey\debug\link.6932.read.1.tlog
c:\users\владислав\desktop\c++\flow_simulator_laba2_andrey\debug\link.6932.write.1.tlog
c:\users\владислав\desktop\c++\flow_simulator_laba2_andrey\debug\link.6964-cvtres.read.1.tlog
c:\users\владислав\desktop\c++\flow_simulator_laba2_andrey\debug\link.6964-cvtres.write.1.tlog
c:\users\владислав\desktop\c++\flow_simulator_laba2_andrey\debug\link.6964.read.1.tlog
c:\users\владислав\desktop\c++\flow_simulator_laba2_andrey\debug\link.6964.write.1.tlog
c:\users\владислав\desktop\c++\flow_simulator_laba2_andrey\debug\link.6988-cvtres.read.1.tlog
c:\users\владислав\desktop\c++\flow_simulator_laba2_andrey\debug\link.6988-cvtres.write.1.tlog
c:\users\владислав\desktop\c++\flow_simulator_laba2_andrey\debug\link.6988.read.1.tlog
c:\users\владислав\desktop\c++\flow_simulator_laba2_andrey\debug\link.6988.write.1.tlog
c:\users\владислав\desktop\c++\flow_simulator_laba2_andrey\debug\link.7004-cvtres.read.1.tlog
c:\users\владислав\desktop\c++\flow_simulator_laba2_andrey\debug\link.7004-cvtres.write.1.tlog
c:\users\владислав\desktop\c++\flow_simulator_laba2_andrey\debug\link.7004.read.1.tlog
c:\users\владислав\desktop\c++\flow_simulator_laba2_andrey\debug\link.7004.write.1.tlog
c:\users\владислав\desktop\c++\flow_simulator_laba2_andrey\debug\link.7092-cvtres.read.1.tlog
c:\users\владислав\desktop\c++\flow_simulator_laba2_andrey\debug\link.7092-cvtres.write.1.tlog
c:\users\владислав\desktop\c++\flow_simulator_laba2_andrey\debug\link.7092.read.1.tlog
c:\users\владислав\desktop\c++\flow_simulator_laba2_andrey\debug\link.7092.write.1.tlog
c:\users\владислав\desktop\c++\flow_simulator_laba2_andrey\debug\link.7104-cvtres.read.1.tlog
c:\users\владислав\desktop\c++\flow_simulator_laba2_andrey\debug\link.7104-cvtres.write.1.tlog
c:\users\владислав\desktop\c++\flow_simulator_laba2_andrey\debug\link.7104.read.1.tlog
c:\users\владислав\desktop\c++\flow_simulator_laba2_andrey\debug\link.7104.write.1.tlog
c:\users\владислав\desktop\c++\flow_simulator_laba2_andrey\debug\link.7156-cvtres.read.1.tlog
c:\users\владислав\desktop\c++\flow_simulator_laba2_andrey\debug\link.7156-cvtres.write.1.tlog
c:\users\владислав\desktop\c++\flow_simulator_laba2_andrey\debug\link.7156.read.1.tlog
c:\users\владислав\desktop\c++\flow_simulator_laba2_andrey\debug\link.7156.write.1.tlog
c:\users\владислав\desktop\c++\flow_simulator_laba2_andrey\debug\link.7180-cvtres.read.1.tlog
c:\users\владислав\desktop\c++\flow_simulator_laba2_andrey\debug\link.7180-cvtres.write.1.tlog
c:\users\владислав\desktop\c++\flow_simulator_laba2_andrey\debug\link.7180.read.1.tlog
c:\users\владислав\desktop\c++\flow_simulator_laba2_andrey\debug\link.7180.write.1.tlog
c:\users\владислав\desktop\c++\flow_simulator_laba2_andrey\debug\link.7356-cvtres.read.1.tlog
c:\users\владислав\desktop\c++\flow_simulator_laba2_andrey\debug\link.7356-cvtres.write.1.tlog
c:\users\владислав\desktop\c++\flow_simulator_laba2_andrey\debug\link.7356.read.1.tlog
c:\users\владислав\desktop\c++\flow_simulator_laba2_andrey\debug\link.7356.write.1.tlog
c:\users\владислав\desktop\c++\flow_simulator_laba2_andrey\debug\link.7408-cvtres.read.1.tlog
c:\users\владислав\desktop\c++\flow_simulator_laba2_andrey\debug\link.7408-cvtres.write.1.tlog
c:\users\владислав\desktop\c++\flow_simulator_laba2_andrey\debug\link.7408.read.1.tlog
c:\users\владислав\desktop\c++\flow_simulator_laba2_andrey\debug\link.7408.write.1.tlog
c:\users\владислав\desktop\c++\flow_simulator_laba2_andrey\debug\link.7436-cvtres.read.1.tlog
c:\users\владислав\desktop\c++\flow_simulator_laba2_andrey\debug\link.7436-cvtres.write.1.tlog
c:\users\владислав\desktop\c++\flow_simulator_laba2_andrey\debug\link.7436.read.1.tlog
c:\users\владислав\desktop\c++\flow_simulator_laba2_andrey\debug\link.7436.write.1.tlog
c:\users\владислав\desktop\c++\flow_simulator_laba2_andrey\debug\link.7468-cvtres.read.1.tlog
c:\users\владислав\desktop\c++\flow_simulator_laba2_andrey\debug\link.7468-cvtres.write.1.tlog
c:\users\владислав\desktop\c++\flow_simulator_laba2_andrey\debug\link.7468.read.1.tlog
c:\users\владислав\desktop\c++\flow_simulator_laba2_andrey\debug\link.7468.write.1.tlog
c:\users\владислав\desktop\c++\flow_simulator_laba2_andrey\debug\link.7500-cvtres.read.1.tlog
c:\users\владислав\desktop\c++\flow_simulator_laba2_andrey\debug\link.7500-cvtres.write.1.tlog
c:\users\владислав\desktop\c++\flow_simulator_laba2_andrey\debug\link.7500.read.1.tlog
c:\users\владислав\desktop\c++\flow_simulator_laba2_andrey\debug\link.7500.write.1.tlog
c:\users\владислав\desktop\c++\flow_simulator_laba2_andrey\debug\link.7520-cvtres.read.1.tlog
c:\users\владислав\desktop\c++\flow_simulator_laba2_andrey\debug\link.7520-cvtres.write.1.tlog
c:\users\владислав\desktop\c++\flow_simulator_laba2_andrey\debug\link.7520.read.1.tlog
c:\users\владислав\desktop\c++\flow_simulator_laba2_andrey\debug\link.7520.write.1.tlog
c:\users\владислав\desktop\c++\flow_simulator_laba2_andrey\debug\link.7604-cvtres.read.1.tlog
c:\users\владислав\desktop\c++\flow_simulator_laba2_andrey\debug\link.7604-cvtres.write.1.tlog
c:\users\владислав\desktop\c++\flow_simulator_laba2_andrey\debug\link.7604.read.1.tlog
c:\users\владислав\desktop\c++\flow_simulator_laba2_andrey\debug\link.7604.write.1.tlog
c:\users\владислав\desktop\c++\flow_simulator_laba2_andrey\debug\link.7712-cvtres.read.1.tlog
c:\users\владислав\desktop\c++\flow_simulator_laba2_andrey\debug\link.7712-cvtres.write.1.tlog
c:\users\владислав\desktop\c++\flow_simulator_laba2_andrey\debug\link.7712.read.1.tlog
c:\users\владислав\desktop\c++\flow_simulator_laba2_andrey\debug\link.7712.write.1.tlog
c:\users\владислав\desktop\c++\flow_simulator_laba2_andrey\debug\link.7728-cvtres.read.1.tlog
c:\users\владислав\desktop\c++\flow_simulator_laba2_andrey\debug\link.7728-cvtres.write.1.tlog
c:\users\владислав\desktop\c++\flow_simulator_laba2_andrey\debug\link.7728.read.1.tlog
c:\users\владислав\desktop\c++\flow_simulator_laba2_andrey\debug\link.7728.write.1.tlog
c:\users\владислав\desktop\c++\flow_simulator_laba2_andrey\debug\link.7744-cvtres.read.1.tlog
c:\users\владислав\desktop\c++\flow_simulator_laba2_andrey\debug\link.7744-cvtres.write.1.tlog
c:\users\владислав\desktop\c++\flow_simulator_laba2_andrey\debug\link.7744.read.1.tlog
c:\users\владислав\desktop\c++\flow_simulator_laba2_andrey\debug\link.7744.write.1.tlog
c:\users\владислав\desktop\c++\flow_simulator_laba2_andrey\debug\link.7840-cvtres.read.1.tlog
c:\users\владислав\desktop\c++\flow_simulator_laba2_andrey\debug\link.7840-cvtres.write.1.tlog
c:\users\владислав\desktop\c++\flow_simulator_laba2_andrey\debug\link.7840.read.1.tlog
c:\users\владислав\desktop\c++\flow_simulator_laba2_andrey\debug\link.7840.write.1.tlog
c:\users\владислав\desktop\c++\flow_simulator_laba2_andrey\debug\link.7848-cvtres.read.1.tlog
c:\users\владислав\desktop\c++\flow_simulator_laba2_andrey\debug\link.7848-cvtres.write.1.tlog
c:\users\владислав\desktop\c++\flow_simulator_laba2_andrey\debug\link.7848.read.1.tlog
c:\users\владислав\desktop\c++\flow_simulator_laba2_andrey\debug\link.7848.write.1.tlog
c:\users\владислав\desktop\c++\flow_simulator_laba2_andrey\debug\link.7852-cvtres.read.1.tlog
c:\users\владислав\desktop\c++\flow_simulator_laba2_andrey\debug\link.7852-cvtres.write.1.tlog
c:\users\владислав\desktop\c++\flow_simulator_laba2_andrey\debug\link.7852.read.1.tlog
c:\users\владислав\desktop\c++\flow_simulator_laba2_andrey\debug\link.7852.write.1.tlog
c:\users\владислав\desktop\c++\flow_simulator_laba2_andrey\debug\link.7892-cvtres.read.1.tlog
c:\users\владислав\desktop\c++\flow_simulator_laba2_andrey\debug\link.7892-cvtres.write.1.tlog
c:\users\владислав\desktop\c++\flow_simulator_laba2_andrey\debug\link.7892.read.1.tlog
c:\users\владислав\desktop\c++\flow_simulator_laba2_andrey\debug\link.7892.write.1.tlog
c:\users\владислав\desktop\c++\flow_simulator_laba2_andrey\debug\link.7908-cvtres.read.1.tlog
c:\users\владислав\desktop\c++\flow_simulator_laba2_andrey\debug\link.7908-cvtres.write.1.tlog
c:\users\владислав\desktop\c++\flow_simulator_laba2_andrey\debug\link.7908.read.1.tlog
c:\users\владислав\desktop\c++\flow_simulator_laba2_andrey\debug\link.7908.write.1.tlog
c:\users\владислав\desktop\c++\flow_simulator_laba2_andrey\debug\link.8048-cvtres.read.1.tlog
c:\users\владислав\desktop\c++\flow_simulator_laba2_andrey\debug\link.8048-cvtres.write.1.tlog
c:\users\владислав\desktop\c++\flow_simulator_laba2_andrey\debug\link.8048.read.1.tlog
c:\users\владислав\desktop\c++\flow_simulator_laba2_andrey\debug\link.8048.write.1.tlog
c:\users\владислав\desktop\c++\flow_simulator_laba2_andrey\debug\link.8096-cvtres.read.1.tlog
c:\users\владислав\desktop\c++\flow_simulator_laba2_andrey\debug\link.8096-cvtres.write.1.tlog
c:\users\владислав\desktop\c++\flow_simulator_laba2_andrey\debug\link.8096.read.1.tlog
c:\users\владислав\desktop\c++\flow_simulator_laba2_andrey\debug\link.8096.write.1.tlog
c:\users\владислав\desktop\c++\flow_simulator_laba2_andrey\debug\link.8152-cvtres.read.1.tlog
c:\users\владислав\desktop\c++\flow_simulator_laba2_andrey\debug\link.8152-cvtres.write.1.tlog
c:\users\владислав\desktop\c++\flow_simulator_laba2_andrey\debug\link.8152.read.1.tlog
c:\users\владислав\desktop\c++\flow_simulator_laba2_andrey\debug\link.8152.write.1.tlog
c:\users\владислав\desktop\c++\flow_simulator_laba2_andrey\debug\link.936-cvtres.read.1.tlog
c:\users\владислав\desktop\c++\flow_simulator_laba2_andrey\debug\link.936-cvtres.write.1.tlog
c:\users\владислав\desktop\c++\flow_simulator_laba2_andrey\debug\link.936.read.1.tlog
c:\users\владислав\desktop\c++\flow_simulator_laba2_andrey\debug\link.936.write.1.tlog
c:\users\владислав\desktop\c++\flow_simulator_laba2_andrey\debug\link.command.1.tlog
c:\users\владислав\desktop\c++\flow_simulator_laba2_andrey\debug\link.read.1.tlog
c:\users\владислав\desktop\c++\flow_simulator_laba2_andrey\debug\link.write.1.tlog
c:\users\владислав\desktop\c++\flow_simulator_laba2_andrey\debug\mt.command.1.tlog
c:\users\владислав\desktop\c++\flow_simulator_laba2_andrey\debug\mt.read.1.tlog
c:\users\владислав\desktop\c++\flow_simulator_laba2_andrey\debug\mt.write.1.tlog
c:\users\владислав\desktop\c++\flow_simulator_laba2_andrey\debug\rc.command.1.tlog
c:\users\владислав\desktop\c++\flow_simulator_laba2_andrey\debug\rc.read.1.tlog
c:\users\владислав\desktop\c++\flow_simulator_laba2_andrey\debug\rc.write.1.tlog
c:\users\владислав\desktop\c++\flow_simulator_laba2_andrey\debug\flow_simulator.exe.intermediate.manifest
c:\users\владислав\desktop\c++\flow_simulator_laba2_andrey\debug\flow_simulator.pdb
c:\users\владислав\desktop\c++\flow_simulator_laba2_andrey\debug\vc100.pdb
c:\users\владислав\desktop\c++\flow_simulator_laba2_andrey\debug\flow_simulator.tlog\cl.command.1.tlog
c:\users\владислав\desktop\c++\flow_simulator_laba2_andrey\debug\flow_simulator.tlog\cl.read.1.tlog
c:\users\владислав\desktop\c++\flow_simulator_laba2_andrey\debug\flow_simulator.tlog\cl.write.1.tlog
c:\users\владислав\desktop\c++\flow_simulator_laba2_andrey\debug\flow_simulator.tlog\flow_simulator.write.1u.tlog
c:\users\владислав\desktop\c++\flow_simulator_laba2_andrey\debug\flow_simulator.tlog\link.5248-cvtres.read.1.tlog
c:\users\владислав\desktop\c++\flow_simulator_laba2_andrey\debug\flow_simulator.tlog\link.5248-cvtres.write.1.tlog
c:\users\владислав\desktop\c++\flow_simulator_laba2_andrey\debug\flow_simulator.tlog\link.5248-rc.read.1.tlog
c:\users\владислав\desktop\c++\flow_simulator_laba2_andrey\debug\flow_simulator.tlog\link.5248-rc.write.1.tlog
c:\users\владислав\desktop\c++\flow_simulator_laba2_andrey\debug\flow_simulator.tlog\link.5248.read.1.tlog
c:\users\владислав\desktop\c++\flow_simulator_laba2_andrey\debug\flow_simulator.tlog\link.5248.write.1.tlog
c:\users\владислав\desktop\c++\flow_simulator_laba2_andrey\debug\flow_simulator.tlog\link.command.1.tlog
c:\users\владислав\desktop\c++\flow_simulator_laba2_andrey\debug\flow_simulator.tlog\link.read.1.tlog
c:\users\владислав\desktop\c++\flow_simulator_laba2_andrey\debug\flow_simulator.tlog\link.write.1.tlog
c:\users\владислав\desktop\c++\flow_simulator_laba2_andrey\debug\flow_simulator.tlog\metagen.read.1.tlog
c:\users\владислав\desktop\c++\flow_simulator_laba2_andrey\debug\flow_simulator.tlog\metagen.write.1.tlog
c:\users\владислав\desktop\c++\flow_simulator_laba2_andrey\debug\flow_simulator.tlog\rc.command.1.tlog
c:\users\владислав\desktop\c++\flow_simulator_laba2_andrey\debug\flow_simulator.tlog\rc.read.1.tlog
c:\users\владислав\desktop\c++\flow_simulator_laba2_andrey\debug\flow_simulator.tlog\rc.write.1.tlog
c:\users\владислав\desktop\c++\flow_simulator_laba2_andrey\debug\flow_simulator.tlog\rsaenh.dll.bi
c:\users\владислав\desktop\c++\flow_simulator_laba2_andrey\debug\flow_simulator.tlog\tzres.dll.bi
